\BOOKMARK [0][-]{chapter.1}{\376\377\0001\000\040\000G\000a\000m\000e\000\040\000H\000u\000b}{}% 1
\BOOKMARK [0][-]{chapter.2}{\376\377\0002\000\040\000D\000a\000t\000a\000\040\000S\000t\000r\000u\000c\000t\000u\000r\000e\000\040\000I\000n\000d\000e\000x}{}% 2
\BOOKMARK [1][-]{section.2.1}{\376\377\0002\000.\0001\000\040\000D\000a\000t\000a\000\040\000S\000t\000r\000u\000c\000t\000u\000r\000e\000s}{chapter.2}% 3
\BOOKMARK [0][-]{chapter.3}{\376\377\0003\000\040\000F\000i\000l\000e\000\040\000I\000n\000d\000e\000x}{}% 4
\BOOKMARK [1][-]{section.3.1}{\376\377\0003\000.\0001\000\040\000F\000i\000l\000e\000\040\000L\000i\000s\000t}{chapter.3}% 5
\BOOKMARK [0][-]{chapter.4}{\376\377\0004\000\040\000D\000a\000t\000a\000\040\000S\000t\000r\000u\000c\000t\000u\000r\000e\000\040\000D\000o\000c\000u\000m\000e\000n\000t\000a\000t\000i\000o\000n}{}% 6
\BOOKMARK [1][-]{section.4.1}{\376\377\0004\000.\0001\000\040\000c\000o\000o\000r\000d\000i\000n\000a\000t\000e\000\040\000S\000t\000r\000u\000c\000t\000\040\000R\000e\000f\000e\000r\000e\000n\000c\000e}{chapter.4}% 7
\BOOKMARK [2][-]{subsection.4.1.1}{\376\377\0004\000.\0001\000.\0001\000\040\000F\000i\000e\000l\000d\000\040\000D\000o\000c\000u\000m\000e\000n\000t\000a\000t\000i\000o\000n}{section.4.1}% 8
\BOOKMARK [3][-]{subsubsection.4.1.1.1}{\376\377\0004\000.\0001\000.\0001\000.\0001\000\040\000d\000i\000r\000e\000c\000t\000i\000o\000n}{subsection.4.1.1}% 9
\BOOKMARK [3][-]{subsubsection.4.1.1.2}{\376\377\0004\000.\0001\000.\0001\000.\0002\000\040\000x}{subsection.4.1.1}% 10
\BOOKMARK [3][-]{subsubsection.4.1.1.3}{\376\377\0004\000.\0001\000.\0001\000.\0003\000\040\000y}{subsection.4.1.1}% 11
\BOOKMARK [0][-]{chapter.5}{\376\377\0005\000\040\000F\000i\000l\000e\000\040\000D\000o\000c\000u\000m\000e\000n\000t\000a\000t\000i\000o\000n}{}% 12
\BOOKMARK [1][-]{section.5.1}{\376\377\0005\000.\0001\000\040\000A\000d\000v\000W\000o\000r\000l\000d\000.\000h\000\040\000F\000i\000l\000e\000\040\000R\000e\000f\000e\000r\000e\000n\000c\000e}{chapter.5}% 13
\BOOKMARK [2][-]{subsection.5.1.1}{\376\377\0005\000.\0001\000.\0001\000\040\000D\000e\000t\000a\000i\000l\000e\000d\000\040\000D\000e\000s\000c\000r\000i\000p\000t\000i\000o\000n}{section.5.1}% 14
\BOOKMARK [2][-]{subsection.5.1.2}{\376\377\0005\000.\0001\000.\0002\000\040\000M\000a\000c\000r\000o\000\040\000D\000e\000f\000i\000n\000i\000t\000i\000o\000n\000\040\000D\000o\000c\000u\000m\000e\000n\000t\000a\000t\000i\000o\000n}{section.5.1}% 15
\BOOKMARK [3][-]{subsubsection.5.1.2.1}{\376\377\0005\000.\0001\000.\0002\000.\0001\000\040\000D\000O\000W\000N}{subsection.5.1.2}% 16
\BOOKMARK [3][-]{subsubsection.5.1.2.2}{\376\377\0005\000.\0001\000.\0002\000.\0002\000\040\000L\000E\000F\000T}{subsection.5.1.2}% 17
\BOOKMARK [3][-]{subsubsection.5.1.2.3}{\376\377\0005\000.\0001\000.\0002\000.\0003\000\040\000N\000U\000M\000\137\000W\000O\000R\000D\000S}{subsection.5.1.2}% 18
\BOOKMARK [3][-]{subsubsection.5.1.2.4}{\376\377\0005\000.\0001\000.\0002\000.\0004\000\040\000R\000I\000G\000H\000T}{subsection.5.1.2}% 19
\BOOKMARK [3][-]{subsubsection.5.1.2.5}{\376\377\0005\000.\0001\000.\0002\000.\0005\000\040\000T\000I\000M\000E\000\137\000L\000I\000M\000I\000T}{subsection.5.1.2}% 20
\BOOKMARK [3][-]{subsubsection.5.1.2.6}{\376\377\0005\000.\0001\000.\0002\000.\0006\000\040\000U\000P}{subsection.5.1.2}% 21
\BOOKMARK [3][-]{subsubsection.5.1.2.7}{\376\377\0005\000.\0001\000.\0002\000.\0007\000\040\000W\000O\000R\000D\000\137\000L\000E\000N\000G\000T\000H}{subsection.5.1.2}% 22
\BOOKMARK [2][-]{subsection.5.1.3}{\376\377\0005\000.\0001\000.\0003\000\040\000T\000y\000p\000e\000d\000e\000f\000\040\000D\000o\000c\000u\000m\000e\000n\000t\000a\000t\000i\000o\000n}{section.5.1}% 23
\BOOKMARK [3][-]{subsubsection.5.1.3.1}{\376\377\0005\000.\0001\000.\0003\000.\0001\000\040\000c\000o\000o\000r\000d\000i\000n\000a\000t\000e}{subsection.5.1.3}% 24
\BOOKMARK [2][-]{subsection.5.1.4}{\376\377\0005\000.\0001\000.\0004\000\040\000F\000u\000n\000c\000t\000i\000o\000n\000\040\000D\000o\000c\000u\000m\000e\000n\000t\000a\000t\000i\000o\000n}{section.5.1}% 25
\BOOKMARK [3][-]{subsubsection.5.1.4.1}{\376\377\0005\000.\0001\000.\0004\000.\0001\000\040\000A\000b\000o\000u\000t\000\050\000\051}{subsection.5.1.4}% 26
\BOOKMARK [3][-]{subsubsection.5.1.4.2}{\376\377\0005\000.\0001\000.\0004\000.\0002\000\040\000a\000w\000o\000r\000l\000d\000\050\000\051}{subsection.5.1.4}% 27
\BOOKMARK [3][-]{subsubsection.5.1.4.3}{\376\377\0005\000.\0001\000.\0004\000.\0003\000\040\000a\000w\000t\000i\000t\000l\000e\000\050\000\051}{subsection.5.1.4}% 28
\BOOKMARK [3][-]{subsubsection.5.1.4.4}{\376\377\0005\000.\0001\000.\0004\000.\0004\000\040\000B\000e\000n\000d\000\050\000\051}{subsection.5.1.4}% 29
\BOOKMARK [3][-]{subsubsection.5.1.4.5}{\376\377\0005\000.\0001\000.\0004\000.\0005\000\040\000B\000o\000a\000r\000d\000e\000r\000\050\000\051}{subsection.5.1.4}% 30
\BOOKMARK [3][-]{subsubsection.5.1.4.6}{\376\377\0005\000.\0001\000.\0004\000.\0006\000\040\000D\000e\000l\000a\000y\000\050\000\051}{subsection.5.1.4}% 31
\BOOKMARK [3][-]{subsubsection.5.1.4.7}{\376\377\0005\000.\0001\000.\0004\000.\0007\000\040\000D\000o\000w\000n\000\050\000\051}{subsection.5.1.4}% 32
\BOOKMARK [3][-]{subsubsection.5.1.4.8}{\376\377\0005\000.\0001\000.\0004\000.\0008\000\040\000E\000x\000i\000t\000G\000a\000m\000e\000\050\000\051}{subsection.5.1.4}% 33
\BOOKMARK [3][-]{subsubsection.5.1.4.9}{\376\377\0005\000.\0001\000.\0004\000.\0009\000\040\000F\000o\000o\000d\000\050\000\051}{subsection.5.1.4}% 34
\BOOKMARK [3][-]{subsubsection.5.1.4.10}{\376\377\0005\000.\0001\000.\0004\000.\0001\0000\000\040\000g\000o\000t\000o\000x\000y\000\050\000\051}{subsection.5.1.4}% 35
\BOOKMARK [3][-]{subsubsection.5.1.4.11}{\376\377\0005\000.\0001\000.\0004\000.\0001\0001\000\040\000G\000o\000t\000o\000X\000Y\000\050\000\051}{subsection.5.1.4}% 36
\BOOKMARK [3][-]{subsubsection.5.1.4.12}{\376\377\0005\000.\0001\000.\0004\000.\0001\0002\000\040\000G\000u\000e\000s\000s\000\050\000\051}{subsection.5.1.4}% 37
\BOOKMARK [3][-]{subsubsection.5.1.4.13}{\376\377\0005\000.\0001\000.\0004\000.\0001\0003\000\040\000L\000e\000f\000t\000\050\000\051}{subsection.5.1.4}% 38
\BOOKMARK [3][-]{subsubsection.5.1.4.14}{\376\377\0005\000.\0001\000.\0004\000.\0001\0004\000\040\000l\000o\000a\000d\000\050\000\051}{subsection.5.1.4}% 39
\BOOKMARK [3][-]{subsubsection.5.1.4.15}{\376\377\0005\000.\0001\000.\0004\000.\0001\0005\000\040\000M\000o\000v\000e\000\050\000\051}{subsection.5.1.4}% 40
\BOOKMARK [3][-]{subsubsection.5.1.4.16}{\376\377\0005\000.\0001\000.\0004\000.\0001\0006\000\040\000r\0001\000\050\000\051}{subsection.5.1.4}% 41
\BOOKMARK [3][-]{subsubsection.5.1.4.17}{\376\377\0005\000.\0001\000.\0004\000.\0001\0007\000\040\000r\0001\000t\000i\000t\000l\000e\000\050\000\051}{subsection.5.1.4}% 42
\BOOKMARK [3][-]{subsubsection.5.1.4.18}{\376\377\0005\000.\0001\000.\0004\000.\0001\0008\000\040\000r\0002\000a\000b\000t\000\050\000\051}{subsection.5.1.4}% 43
\BOOKMARK [3][-]{subsubsection.5.1.4.19}{\376\377\0005\000.\0001\000.\0004\000.\0001\0009\000\040\000r\0002\000t\000i\000t\000l\000e\000\050\000\051}{subsection.5.1.4}% 44
\BOOKMARK [3][-]{subsubsection.5.1.4.20}{\376\377\0005\000.\0001\000.\0004\000.\0002\0000\000\040\000r\0003\000\050\000\051}{subsection.5.1.4}% 45
\BOOKMARK [3][-]{subsubsection.5.1.4.21}{\376\377\0005\000.\0001\000.\0004\000.\0002\0001\000\040\000r\0003\000a\000b\000t\000\050\000\051}{subsection.5.1.4}% 46
\BOOKMARK [3][-]{subsubsection.5.1.4.22}{\376\377\0005\000.\0001\000.\0004\000.\0002\0002\000\040\000r\000e\000c\000o\000r\000d\000\050\000\051}{subsection.5.1.4}% 47
\BOOKMARK [3][-]{subsubsection.5.1.4.23}{\376\377\0005\000.\0001\000.\0004\000.\0002\0003\000\040\000R\000i\000g\000h\000t\000\050\000\051}{subsection.5.1.4}% 48
\BOOKMARK [3][-]{subsubsection.5.1.4.24}{\376\377\0005\000.\0001\000.\0004\000.\0002\0004\000\040\000S\000c\000o\000r\000e\000\050\000\051}{subsection.5.1.4}% 49
\BOOKMARK [3][-]{subsubsection.5.1.4.25}{\376\377\0005\000.\0001\000.\0004\000.\0002\0005\000\040\000S\000c\000o\000r\000e\000o\000n\000l\000y\000\050\000\051}{subsection.5.1.4}% 50
\BOOKMARK [3][-]{subsubsection.5.1.4.26}{\376\377\0005\000.\0001\000.\0004\000.\0002\0006\000\040\000S\000t\000a\000r\000t\000\050\000\051}{subsection.5.1.4}% 51
\BOOKMARK [3][-]{subsubsection.5.1.4.27}{\376\377\0005\000.\0001\000.\0004\000.\0002\0007\000\040\000U\000p\000\050\000\051}{subsection.5.1.4}% 52
\BOOKMARK [3][-]{subsubsection.5.1.4.28}{\376\377\0005\000.\0001\000.\0004\000.\0002\0008\000\040\000w\000i\000n\000\050\000\051}{subsection.5.1.4}% 53
\BOOKMARK [3][-]{subsubsection.5.1.4.29}{\376\377\0005\000.\0001\000.\0004\000.\0002\0009\000\040\000w\000o\000r\000d\000g\000a\000m\000e\000\050\000\051}{subsection.5.1.4}% 54
\BOOKMARK [2][-]{subsection.5.1.5}{\376\377\0005\000.\0001\000.\0005\000\040\000V\000a\000r\000i\000a\000b\000l\000e\000\040\000D\000o\000c\000u\000m\000e\000n\000t\000a\000t\000i\000o\000n}{section.5.1}% 55
\BOOKMARK [3][-]{subsubsection.5.1.5.1}{\376\377\0005\000.\0001\000.\0005\000.\0001\000\040\000b\000e\000n\000d}{subsection.5.1.5}% 56
\BOOKMARK [3][-]{subsubsection.5.1.5.2}{\376\377\0005\000.\0001\000.\0005\000.\0002\000\040\000b\000e\000n\000d\000\137\000n\000o}{subsection.5.1.5}% 57
\BOOKMARK [3][-]{subsubsection.5.1.5.3}{\376\377\0005\000.\0001\000.\0005\000.\0003\000\040\000b\000o\000d\000y}{subsection.5.1.5}% 58
\BOOKMARK [3][-]{subsubsection.5.1.5.4}{\376\377\0005\000.\0001\000.\0005\000.\0004\000\040\000e\000n\000d\000T\000i\000m\000e}{subsection.5.1.5}% 59
\BOOKMARK [3][-]{subsubsection.5.1.5.5}{\376\377\0005\000.\0001\000.\0005\000.\0005\000\040\000f\000o\000o\000d}{subsection.5.1.5}% 60
\BOOKMARK [3][-]{subsubsection.5.1.5.6}{\376\377\0005\000.\0001\000.\0005\000.\0006\000\040\000g\000u\000e\000s\000s}{subsection.5.1.5}% 61
\BOOKMARK [3][-]{subsubsection.5.1.5.7}{\376\377\0005\000.\0001\000.\0005\000.\0007\000\040\000h\000e\000a\000d}{subsection.5.1.5}% 62
\BOOKMARK [3][-]{subsubsection.5.1.5.8}{\376\377\0005\000.\0001\000.\0005\000.\0008\000\040\000i}{subsection.5.1.5}% 63
\BOOKMARK [3][-]{subsubsection.5.1.5.9}{\376\377\0005\000.\0001\000.\0005\000.\0009\000\040\000j}{subsection.5.1.5}% 64
\BOOKMARK [3][-]{subsubsection.5.1.5.10}{\376\377\0005\000.\0001\000.\0005\000.\0001\0000\000\040\000k\000e\000y}{subsection.5.1.5}% 65
\BOOKMARK [3][-]{subsubsection.5.1.5.11}{\376\377\0005\000.\0001\000.\0005\000.\0001\0001\000\040\000l\000e\000n}{subsection.5.1.5}% 66
\BOOKMARK [3][-]{subsubsection.5.1.5.12}{\376\377\0005\000.\0001\000.\0005\000.\0001\0002\000\040\000l\000e\000n\000g\000t\000h}{subsection.5.1.5}% 67
\BOOKMARK [3][-]{subsubsection.5.1.5.13}{\376\377\0005\000.\0001\000.\0005\000.\0001\0003\000\040\000l\000i\000f\000e}{subsection.5.1.5}% 68
\BOOKMARK [3][-]{subsubsection.5.1.5.14}{\376\377\0005\000.\0001\000.\0005\000.\0001\0004\000\040\000n\000u\000m\000C\000o\000r\000r\000e\000c\000t}{subsection.5.1.5}% 69
\BOOKMARK [3][-]{subsubsection.5.1.5.15}{\376\377\0005\000.\0001\000.\0005\000.\0001\0005\000\040\000p}{subsection.5.1.5}% 70
\BOOKMARK [3][-]{subsubsection.5.1.5.16}{\376\377\0005\000.\0001\000.\0005\000.\0001\0006\000\040\000s\000t\000a\000r\000t\000T\000i\000m\000e}{subsection.5.1.5}% 71
\BOOKMARK [3][-]{subsubsection.5.1.5.17}{\376\377\0005\000.\0001\000.\0005\000.\0001\0007\000\040\000u\000s\000e\000d}{subsection.5.1.5}% 72
\BOOKMARK [3][-]{subsubsection.5.1.5.18}{\376\377\0005\000.\0001\000.\0005\000.\0001\0008\000\040\000w\000o\000r\000d\000s}{subsection.5.1.5}% 73
\BOOKMARK [1][-]{section.5.2}{\376\377\0005\000.\0002\000\040\000A\000d\000v\000W\000o\000r\000l\000d\000.\000h}{chapter.5}% 74
\BOOKMARK [1][-]{section.5.3}{\376\377\0005\000.\0003\000\040\000b\000y\000b\000y\000.\000h\000\040\000F\000i\000l\000e\000\040\000R\000e\000f\000e\000r\000e\000n\000c\000e}{chapter.5}% 75
\BOOKMARK [2][-]{subsection.5.3.1}{\376\377\0005\000.\0003\000.\0001\000\040\000D\000e\000t\000a\000i\000l\000e\000d\000\040\000D\000e\000s\000c\000r\000i\000p\000t\000i\000o\000n}{section.5.3}% 76
\BOOKMARK [2][-]{subsection.5.3.2}{\376\377\0005\000.\0003\000.\0002\000\040\000F\000u\000n\000c\000t\000i\000o\000n\000\040\000D\000o\000c\000u\000m\000e\000n\000t\000a\000t\000i\000o\000n}{section.5.3}% 77
\BOOKMARK [3][-]{subsubsection.5.3.2.1}{\376\377\0005\000.\0003\000.\0002\000.\0001\000\040\000b\000y\000b\000y\000\050\000\051}{subsection.5.3.2}% 78
\BOOKMARK [1][-]{section.5.4}{\376\377\0005\000.\0004\000\040\000b\000y\000b\000y\000.\000h}{chapter.5}% 79
\BOOKMARK [1][-]{section.5.5}{\376\377\0005\000.\0005\000\040\000C\000o\000n\000g\000r\000a\000t\000s\000.\000h\000\040\000F\000i\000l\000e\000\040\000R\000e\000f\000e\000r\000e\000n\000c\000e}{chapter.5}% 80
\BOOKMARK [2][-]{subsection.5.5.1}{\376\377\0005\000.\0005\000.\0001\000\040\000D\000e\000t\000a\000i\000l\000e\000d\000\040\000D\000e\000s\000c\000r\000i\000p\000t\000i\000o\000n}{section.5.5}% 81
\BOOKMARK [2][-]{subsection.5.5.2}{\376\377\0005\000.\0005\000.\0002\000\040\000F\000u\000n\000c\000t\000i\000o\000n\000\040\000D\000o\000c\000u\000m\000e\000n\000t\000a\000t\000i\000o\000n}{section.5.5}% 82
\BOOKMARK [3][-]{subsubsection.5.5.2.1}{\376\377\0005\000.\0005\000.\0002\000.\0001\000\040\000c\000o\000n\000g\000r\000a\000t\000s\000\050\000\051}{subsection.5.5.2}% 83
\BOOKMARK [1][-]{section.5.6}{\376\377\0005\000.\0006\000\040\000C\000o\000n\000g\000r\000a\000t\000s\000.\000h}{chapter.5}% 84
\BOOKMARK [1][-]{section.5.7}{\376\377\0005\000.\0007\000\040\000f\000i\000n\000a\000l\000r\000o\000u\000n\000d\000.\000h\000\040\000F\000i\000l\000e\000\040\000R\000e\000f\000e\000r\000e\000n\000c\000e}{chapter.5}% 85
\BOOKMARK [2][-]{subsection.5.7.1}{\376\377\0005\000.\0007\000.\0001\000\040\000D\000e\000t\000a\000i\000l\000e\000d\000\040\000D\000e\000s\000c\000r\000i\000p\000t\000i\000o\000n}{section.5.7}% 86
\BOOKMARK [2][-]{subsection.5.7.2}{\376\377\0005\000.\0007\000.\0002\000\040\000F\000u\000n\000c\000t\000i\000o\000n\000\040\000D\000o\000c\000u\000m\000e\000n\000t\000a\000t\000i\000o\000n}{section.5.7}% 87
\BOOKMARK [3][-]{subsubsection.5.7.2.1}{\376\377\0005\000.\0007\000.\0002\000.\0001\000\040\000f\000i\000n\000a\000l\000\050\000\051}{subsection.5.7.2}% 88
\BOOKMARK [3][-]{subsubsection.5.7.2.2}{\376\377\0005\000.\0007\000.\0002\000.\0002\000\040\000o\000p\000t\000i\000o\000n\000s\000\050\000\051}{subsection.5.7.2}% 89
\BOOKMARK [3][-]{subsubsection.5.7.2.3}{\376\377\0005\000.\0007\000.\0002\000.\0003\000\040\000r\0004\000a\000b\000t\000\050\000\051}{subsection.5.7.2}% 90
\BOOKMARK [3][-]{subsubsection.5.7.2.4}{\376\377\0005\000.\0007\000.\0002\000.\0004\000\040\000w\000i\000n\000n\000e\000r\000\050\000\051}{subsection.5.7.2}% 91
\BOOKMARK [2][-]{subsection.5.7.3}{\376\377\0005\000.\0007\000.\0003\000\040\000V\000a\000r\000i\000a\000b\000l\000e\000\040\000D\000o\000c\000u\000m\000e\000n\000t\000a\000t\000i\000o\000n}{section.5.7}% 92
\BOOKMARK [3][-]{subsubsection.5.7.3.1}{\376\377\0005\000.\0007\000.\0003\000.\0001\000\040\000s\000c\000o\000r\000e}{subsection.5.7.3}% 93
\BOOKMARK [1][-]{section.5.8}{\376\377\0005\000.\0008\000\040\000f\000i\000n\000a\000l\000r\000o\000u\000n\000d\000.\000h}{chapter.5}% 94
\BOOKMARK [1][-]{section.5.9}{\376\377\0005\000.\0009\000\040\000H\000a\000n\000g\000m\000a\000n\000.\000h\000\040\000F\000i\000l\000e\000\040\000R\000e\000f\000e\000r\000e\000n\000c\000e}{chapter.5}% 95
\BOOKMARK [2][-]{subsection.5.9.1}{\376\377\0005\000.\0009\000.\0001\000\040\000D\000e\000t\000a\000i\000l\000e\000d\000\040\000D\000e\000s\000c\000r\000i\000p\000t\000i\000o\000n}{section.5.9}% 96
\BOOKMARK [2][-]{subsection.5.9.2}{\376\377\0005\000.\0009\000.\0002\000\040\000F\000u\000n\000c\000t\000i\000o\000n\000\040\000D\000o\000c\000u\000m\000e\000n\000t\000a\000t\000i\000o\000n}{section.5.9}% 97
\BOOKMARK [3][-]{subsubsection.5.9.2.1}{\376\377\0005\000.\0009\000.\0002\000.\0001\000\040\000a\000b\000o\000u\000t\000\050\000\051}{subsection.5.9.2}% 98
\BOOKMARK [3][-]{subsubsection.5.9.2.2}{\376\377\0005\000.\0009\000.\0002\000.\0002\000\040\000H\000a\000n\000g\000m\000a\000n\000\050\000\051}{subsection.5.9.2}% 99
\BOOKMARK [3][-]{subsubsection.5.9.2.3}{\376\377\0005\000.\0009\000.\0002\000.\0003\000\040\000t\000i\000t\000l\000e\000\050\000\051}{subsection.5.9.2}% 100
\BOOKMARK [1][-]{section.5.10}{\376\377\0005\000.\0001\0000\000\040\000H\000a\000n\000g\000m\000a\000n\000.\000h}{chapter.5}% 101
\BOOKMARK [1][-]{section.5.11}{\376\377\0005\000.\0001\0001\000\040\000m\000a\000i\000n\000.\000c\000\040\000F\000i\000l\000e\000\040\000R\000e\000f\000e\000r\000e\000n\000c\000e}{chapter.5}% 102
\BOOKMARK [2][-]{subsection.5.11.1}{\376\377\0005\000.\0001\0001\000.\0001\000\040\000D\000e\000t\000a\000i\000l\000e\000d\000\040\000D\000e\000s\000c\000r\000i\000p\000t\000i\000o\000n}{section.5.11}% 103
\BOOKMARK [2][-]{subsection.5.11.2}{\376\377\0005\000.\0001\0001\000.\0002\000\040\000F\000u\000n\000c\000t\000i\000o\000n\000\040\000D\000o\000c\000u\000m\000e\000n\000t\000a\000t\000i\000o\000n}{section.5.11}% 104
\BOOKMARK [3][-]{subsubsection.5.11.2.1}{\376\377\0005\000.\0001\0001\000.\0002\000.\0001\000\040\000t\000o\000p\000s\000p\000a\000c\000e\000\050\000\051}{subsection.5.11.2}% 105
\BOOKMARK [1][-]{section.5.12}{\376\377\0005\000.\0001\0002\000\040\000m\000e\000n\000u\000.\000h\000\040\000F\000i\000l\000e\000\040\000R\000e\000f\000e\000r\000e\000n\000c\000e}{chapter.5}% 106
\BOOKMARK [2][-]{subsection.5.12.1}{\376\377\0005\000.\0001\0002\000.\0001\000\040\000D\000e\000t\000a\000i\000l\000e\000d\000\040\000D\000e\000s\000c\000r\000i\000p\000t\000i\000o\000n}{section.5.12}% 107
\BOOKMARK [2][-]{subsection.5.12.2}{\376\377\0005\000.\0001\0002\000.\0002\000\040\000F\000u\000n\000c\000t\000i\000o\000n\000\040\000D\000o\000c\000u\000m\000e\000n\000t\000a\000t\000i\000o\000n}{section.5.12}% 108
\BOOKMARK [3][-]{subsubsection.5.12.2.1}{\376\377\0005\000.\0001\0002\000.\0002\000.\0001\000\040\000f\000\137\000h\000e\000a\000d\000e\000r\000\050\000\051}{subsection.5.12.2}% 109
\BOOKMARK [3][-]{subsubsection.5.12.2.2}{\376\377\0005\000.\0001\0002\000.\0002\000.\0002\000\040\000m\000e\000n\000u\000\050\000\051}{subsection.5.12.2}% 110
\BOOKMARK [1][-]{section.5.13}{\376\377\0005\000.\0001\0003\000\040\000m\000e\000n\000u\000.\000h}{chapter.5}% 111
\BOOKMARK [1][-]{section.5.14}{\376\377\0005\000.\0001\0004\000\040\000M\000u\000l\000t\000i\000p\000l\000a\000y\000e\000r\000.\000h\000\040\000F\000i\000l\000e\000\040\000R\000e\000f\000e\000r\000e\000n\000c\000e}{chapter.5}% 112
\BOOKMARK [2][-]{subsection.5.14.1}{\376\377\0005\000.\0001\0004\000.\0001\000\040\000D\000e\000t\000a\000i\000l\000e\000d\000\040\000D\000e\000s\000c\000r\000i\000p\000t\000i\000o\000n}{section.5.14}% 113
\BOOKMARK [2][-]{subsection.5.14.2}{\376\377\0005\000.\0001\0004\000.\0002\000\040\000F\000u\000n\000c\000t\000i\000o\000n\000\040\000D\000o\000c\000u\000m\000e\000n\000t\000a\000t\000i\000o\000n}{section.5.14}% 114
\BOOKMARK [3][-]{subsubsection.5.14.2.1}{\376\377\0005\000.\0001\0004\000.\0002\000.\0001\000\040\000l\000o\000a\000d\000\050\000\051}{subsection.5.14.2}% 115
\BOOKMARK [3][-]{subsubsection.5.14.2.2}{\376\377\0005\000.\0001\0004\000.\0002\000.\0002\000\040\000m\000u\000l\000t\000i\000\050\000\051}{subsection.5.14.2}% 116
\BOOKMARK [3][-]{subsubsection.5.14.2.3}{\376\377\0005\000.\0001\0004\000.\0002\000.\0003\000\040\000t\000a\000k\000e\000w\000o\000r\000d\000\050\000\051}{subsection.5.14.2}% 117
\BOOKMARK [1][-]{section.5.15}{\376\377\0005\000.\0001\0005\000\040\000M\000u\000l\000t\000i\000p\000l\000a\000y\000e\000r\000.\000h}{chapter.5}% 118
\BOOKMARK [1][-]{section.5.16}{\376\377\0005\000.\0001\0006\000\040\000q\000u\000i\000z\000.\000h\000\040\000F\000i\000l\000e\000\040\000R\000e\000f\000e\000r\000e\000n\000c\000e}{chapter.5}% 119
\BOOKMARK [2][-]{subsection.5.16.1}{\376\377\0005\000.\0001\0006\000.\0001\000\040\000D\000e\000t\000a\000i\000l\000e\000d\000\040\000D\000e\000s\000c\000r\000i\000p\000t\000i\000o\000n}{section.5.16}% 120
\BOOKMARK [2][-]{subsection.5.16.2}{\376\377\0005\000.\0001\0006\000.\0002\000\040\000F\000u\000n\000c\000t\000i\000o\000n\000\040\000D\000o\000c\000u\000m\000e\000n\000t\000a\000t\000i\000o\000n}{section.5.16}% 121
\BOOKMARK [3][-]{subsubsection.5.16.2.1}{\376\377\0005\000.\0001\0006\000.\0002\000.\0001\000\040\000q\000u\000i\000z\000\050\000\051}{subsection.5.16.2}% 122
\BOOKMARK [3][-]{subsubsection.5.16.2.2}{\376\377\0005\000.\0001\0006\000.\0002\000.\0002\000\040\000q\000u\000i\000z\000t\000i\000t\000l\000e\000\050\000\051}{subsection.5.16.2}% 123
\BOOKMARK [1][-]{section.5.17}{\376\377\0005\000.\0001\0007\000\040\000q\000u\000i\000z\000.\000h}{chapter.5}% 124
\BOOKMARK [1][-]{section.5.18}{\376\377\0005\000.\0001\0008\000\040\000S\000i\000n\000g\000l\000e\000p\000l\000a\000y\000e\000r\000.\000h\000\040\000F\000i\000l\000e\000\040\000R\000e\000f\000e\000r\000e\000n\000c\000e}{chapter.5}% 125
\BOOKMARK [2][-]{subsection.5.18.1}{\376\377\0005\000.\0001\0008\000.\0001\000\040\000D\000e\000t\000a\000i\000l\000e\000d\000\040\000D\000e\000s\000c\000r\000i\000p\000t\000i\000o\000n}{section.5.18}% 126
\BOOKMARK [2][-]{subsection.5.18.2}{\376\377\0005\000.\0001\0008\000.\0002\000\040\000F\000u\000n\000c\000t\000i\000o\000n\000\040\000D\000o\000c\000u\000m\000e\000n\000t\000a\000t\000i\000o\000n}{section.5.18}% 127
\BOOKMARK [3][-]{subsubsection.5.18.2.1}{\376\377\0005\000.\0001\0008\000.\0002\000.\0001\000\040\000l\000o\000a\000d\000i\000n\000g\000\050\000\051}{subsection.5.18.2}% 128
\BOOKMARK [3][-]{subsubsection.5.18.2.2}{\376\377\0005\000.\0001\0008\000.\0002\000.\0002\000\040\000M\000e\000d\000i\000c\000a\000l\000N\000a\000m\000e\000\050\000\051}{subsection.5.18.2}% 129
\BOOKMARK [3][-]{subsubsection.5.18.2.3}{\376\377\0005\000.\0001\0008\000.\0002\000.\0003\000\040\000M\000e\000d\000i\000c\000a\000l\000N\000a\000m\000e\000H\000i\000n\000t\000\050\000\051}{subsection.5.18.2}% 130
\BOOKMARK [3][-]{subsubsection.5.18.2.4}{\376\377\0005\000.\0001\0008\000.\0002\000.\0004\000\040\000p\000e\000r\000s\000o\000n\000a\000l\000i\000t\000y\000\050\000\051}{subsection.5.18.2}% 131
\BOOKMARK [3][-]{subsubsection.5.18.2.5}{\376\377\0005\000.\0001\0008\000.\0002\000.\0005\000\040\000p\000e\000r\000s\000o\000n\000a\000l\000i\000t\000y\000H\000i\000n\000t\000\050\000\051}{subsection.5.18.2}% 132
\BOOKMARK [3][-]{subsubsection.5.18.2.6}{\376\377\0005\000.\0001\0008\000.\0002\000.\0006\000\040\000p\000r\000i\000n\000t\000B\000o\000d\000y\000\050\000\051}{subsection.5.18.2}% 133
\BOOKMARK [3][-]{subsubsection.5.18.2.7}{\376\377\0005\000.\0001\0008\000.\0002\000.\0007\000\040\000s\000i\000n\000g\000l\000e\000\050\000\051}{subsection.5.18.2}% 134
\BOOKMARK [1][-]{section.5.19}{\376\377\0005\000.\0001\0009\000\040\000S\000i\000n\000g\000l\000e\000p\000l\000a\000y\000e\000r\000.\000h}{chapter.5}% 135
\BOOKMARK [1][-]{section.5.20}{\376\377\0005\000.\0002\0000\000\040\000t\000i\000c\000t\000a\000c\000t\000o\000e\000.\000h\000\040\000F\000i\000l\000e\000\040\000R\000e\000f\000e\000r\000e\000n\000c\000e}{chapter.5}% 136
\BOOKMARK [2][-]{subsection.5.20.1}{\376\377\0005\000.\0002\0000\000.\0001\000\040\000D\000e\000t\000a\000i\000l\000e\000d\000\040\000D\000e\000s\000c\000r\000i\000p\000t\000i\000o\000n}{section.5.20}% 137
\BOOKMARK [2][-]{subsection.5.20.2}{\376\377\0005\000.\0002\0000\000.\0002\000\040\000F\000u\000n\000c\000t\000i\000o\000n\000\040\000D\000o\000c\000u\000m\000e\000n\000t\000a\000t\000i\000o\000n}{section.5.20}% 138
\BOOKMARK [3][-]{subsubsection.5.20.2.1}{\376\377\0005\000.\0002\0000\000.\0002\000.\0001\000\040\000c\000a\000t\000e\000g\000o\000r\000y\000\050\000\051}{subsection.5.20.2}% 139
\BOOKMARK [3][-]{subsubsection.5.20.2.2}{\376\377\0005\000.\0002\0000\000.\0002\000.\0002\000\040\000c\000h\000e\000c\000k\000F\000r\000e\000e\000S\000p\000a\000c\000e\000s\000\050\000\051}{subsection.5.20.2}% 140
\BOOKMARK [3][-]{subsubsection.5.20.2.3}{\376\377\0005\000.\0002\0000\000.\0002\000.\0003\000\040\000c\000h\000e\000c\000k\000W\000i\000n\000n\000e\000r\000\050\000\051}{subsection.5.20.2}% 141
\BOOKMARK [3][-]{subsubsection.5.20.2.4}{\376\377\0005\000.\0002\0000\000.\0002\000.\0004\000\040\000c\000o\000m\000p\000u\000t\000e\000r\000M\000o\000v\000e\000\050\000\051}{subsection.5.20.2}% 142
\BOOKMARK [3][-]{subsubsection.5.20.2.5}{\376\377\0005\000.\0002\0000\000.\0002\000.\0005\000\040\000l\000e\000v\000e\000l\000\050\000\051}{subsection.5.20.2}% 143
\BOOKMARK [3][-]{subsubsection.5.20.2.6}{\376\377\0005\000.\0002\0000\000.\0002\000.\0006\000\040\000m\000u\000l\000t\000i\000P\000l\000a\000y\000e\000r\000\050\000\051}{subsection.5.20.2}% 144
\BOOKMARK [3][-]{subsubsection.5.20.2.7}{\376\377\0005\000.\0002\0000\000.\0002\000.\0007\000\040\000p\000l\000a\000y\000\050\000\051}{subsection.5.20.2}% 145
\BOOKMARK [3][-]{subsubsection.5.20.2.8}{\376\377\0005\000.\0002\0000\000.\0002\000.\0008\000\040\000p\000l\000a\000y\000e\000r\0001\000M\000o\000v\000e\000\050\000\051}{subsection.5.20.2}% 146
\BOOKMARK [3][-]{subsubsection.5.20.2.9}{\376\377\0005\000.\0002\0000\000.\0002\000.\0009\000\040\000p\000l\000a\000y\000e\000r\0002\000M\000o\000v\000e\000\050\000\051}{subsection.5.20.2}% 147
\BOOKMARK [3][-]{subsubsection.5.20.2.10}{\376\377\0005\000.\0002\0000\000.\0002\000.\0001\0000\000\040\000p\000l\000a\000y\000e\000r\000M\000o\000v\000e\000\050\000\051}{subsection.5.20.2}% 148
\BOOKMARK [3][-]{subsubsection.5.20.2.11}{\376\377\0005\000.\0002\0000\000.\0002\000.\0001\0001\000\040\000p\000r\000i\000n\000t\000B\000o\000a\000r\000d\000\050\000\051}{subsection.5.20.2}% 149
\BOOKMARK [3][-]{subsubsection.5.20.2.12}{\376\377\0005\000.\0002\0000\000.\0002\000.\0001\0002\000\040\000p\000r\000i\000n\000t\000W\000i\000n\000n\000e\000r\000\050\000\051}{subsection.5.20.2}% 150
\BOOKMARK [3][-]{subsubsection.5.20.2.13}{\376\377\0005\000.\0002\0000\000.\0002\000.\0001\0003\000\040\000p\000r\000o\000b\000l\000e\000m\000\050\000\051}{subsection.5.20.2}% 151
\BOOKMARK [3][-]{subsubsection.5.20.2.14}{\376\377\0005\000.\0002\0000\000.\0002\000.\0001\0004\000\040\000r\000e\000s\000e\000t\000B\000o\000a\000r\000d\000\050\000\051}{subsection.5.20.2}% 152
\BOOKMARK [3][-]{subsubsection.5.20.2.15}{\376\377\0005\000.\0002\0000\000.\0002\000.\0001\0005\000\040\000s\000i\000n\000g\000l\000e\000P\000l\000a\000y\000e\000r\000\050\000\051}{subsection.5.20.2}% 153
\BOOKMARK [3][-]{subsubsection.5.20.2.16}{\376\377\0005\000.\0002\0000\000.\0002\000.\0001\0006\000\040\000t\000i\000c\000a\000b\000o\000u\000t\000\050\000\051}{subsection.5.20.2}% 154
\BOOKMARK [3][-]{subsubsection.5.20.2.17}{\376\377\0005\000.\0002\0000\000.\0002\000.\0001\0007\000\040\000T\000i\000c\000t\000a\000c\000t\000o\000e\000\050\000\051}{subsection.5.20.2}% 155
\BOOKMARK [3][-]{subsubsection.5.20.2.18}{\376\377\0005\000.\0002\0000\000.\0002\000.\0001\0008\000\040\000t\000i\000c\000T\000i\000t\000l\000e\000\050\000\051}{subsection.5.20.2}% 156
\BOOKMARK [3][-]{subsubsection.5.20.2.19}{\376\377\0005\000.\0002\0000\000.\0002\000.\0001\0009\000\040\000w\000i\000n\000n\000e\000r\000F\000r\000o\000m\0002\000\050\000\051}{subsection.5.20.2}% 157
\BOOKMARK [2][-]{subsection.5.20.3}{\376\377\0005\000.\0002\0000\000.\0003\000\040\000V\000a\000r\000i\000a\000b\000l\000e\000\040\000D\000o\000c\000u\000m\000e\000n\000t\000a\000t\000i\000o\000n}{section.5.20}% 158
\BOOKMARK [3][-]{subsubsection.5.20.3.1}{\376\377\0005\000.\0002\0000\000.\0003\000.\0001\000\040\000b\000o\000a\000r\000d}{subsection.5.20.3}% 159
\BOOKMARK [3][-]{subsubsection.5.20.3.2}{\376\377\0005\000.\0002\0000\000.\0003\000.\0002\000\040\000c\000h\000o\000o\000s\000e\000C\000a\000t\000e\000g\000o\000r\000y}{subsection.5.20.3}% 160
\BOOKMARK [3][-]{subsubsection.5.20.3.3}{\376\377\0005\000.\0002\0000\000.\0003\000.\0003\000\040\000c\000h\000o\000o\000s\000e\000L\000e\000v\000e\000l}{subsection.5.20.3}% 161
\BOOKMARK [3][-]{subsubsection.5.20.3.4}{\376\377\0005\000.\0002\0000\000.\0003\000.\0004\000\040\000C\000O\000M\000P\000U\000T\000E\000R}{subsection.5.20.3}% 162
\BOOKMARK [3][-]{subsubsection.5.20.3.5}{\376\377\0005\000.\0002\0000\000.\0003\000.\0005\000\040\000P\000L\000A\000Y\000E\000R}{subsection.5.20.3}% 163
\BOOKMARK [3][-]{subsubsection.5.20.3.6}{\376\377\0005\000.\0002\0000\000.\0003\000.\0006\000\040\000P\000L\000A\000Y\000E\000R\0001}{subsection.5.20.3}% 164
\BOOKMARK [3][-]{subsubsection.5.20.3.7}{\376\377\0005\000.\0002\0000\000.\0003\000.\0007\000\040\000p\000l\000a\000y\000e\000r\0001\000N\000a\000m\000e}{subsection.5.20.3}% 165
\BOOKMARK [3][-]{subsubsection.5.20.3.8}{\376\377\0005\000.\0002\0000\000.\0003\000.\0008\000\040\000P\000L\000A\000Y\000E\000R\0002}{subsection.5.20.3}% 166
\BOOKMARK [3][-]{subsubsection.5.20.3.9}{\376\377\0005\000.\0002\0000\000.\0003\000.\0009\000\040\000p\000l\000a\000y\000e\000r\0002\000N\000a\000m\000e}{subsection.5.20.3}% 167
\BOOKMARK [1][-]{section.5.21}{\376\377\0005\000.\0002\0001\000\040\000t\000i\000c\000t\000a\000c\000t\000o\000e\000.\000h}{chapter.5}% 168
